Hmm ... looks like a package
Converting parsed Rd's to LaTeX 
Creating pdf output from LaTeX ...
This is pdfTeX, Version 3.141592653-2.6-1.40.24 (TeX Live 2022) (preloaded format=pdflatex)
 restricted \write18 enabled.
entering extended mode
(./Rd2.tex
LaTeX2e <2021-11-15> patch level 1
L3 programming layer <2022-02-24>
(/usr/local/texlive/2022/texmf-dist/tex/latex/base/book.cls
Document Class: book 2021/10/04 v1.4n Standard LaTeX document class
(/usr/local/texlive/2022/texmf-dist/tex/latex/base/bk10.clo))
(/Library/Frameworks/R.framework/Resources/share/texmf/tex/latex/Rd.sty
(/usr/local/texlive/2022/texmf-dist/tex/latex/base/ifthen.sty)
(/usr/local/texlive/2022/texmf-dist/tex/generic/iftex/iftex.sty)
(/usr/local/texlive/2022/texmf-dist/tex/latex/tools/longtable.sty)
(/usr/local/texlive/2022/texmf-dist/tex/latex/tools/bm.sty)
(/usr/local/texlive/2022/texmf-dist/tex/latex/base/alltt.sty)
(/usr/local/texlive/2022/texmf-dist/tex/latex/tools/verbatim.sty)
(/usr/local/texlive/2022/texmf-dist/tex/latex/url/url.sty)
(/usr/local/texlive/2022/texmf-dist/tex/latex/base/textcomp.sty)
(/usr/local/texlive/2022/texmf-dist/tex/latex/amsmath/amsmath.sty
For additional information on amsmath, use the `?' option.
(/usr/local/texlive/2022/texmf-dist/tex/latex/amsmath/amstext.sty
(/usr/local/texlive/2022/texmf-dist/tex/latex/amsmath/amsgen.sty))
(/usr/local/texlive/2022/texmf-dist/tex/latex/amsmath/amsbsy.sty)
(/usr/local/texlive/2022/texmf-dist/tex/latex/amsmath/amsopn.sty))
(/usr/local/texlive/2022/texmf-dist/tex/latex/amsfonts/amsfonts.sty)
(/usr/local/texlive/2022/texmf-dist/tex/latex/amsfonts/amssymb.sty)
(/usr/local/texlive/2022/texmf-dist/tex/latex/jknapltx/mathrsfs.sty)
(/usr/local/texlive/2022/texmf-dist/tex/latex/base/fontenc.sty)
(/usr/local/texlive/2022/texmf-dist/tex/latex/psnfss/times.sty)
(/usr/local/texlive/2022/texmf-dist/tex/latex/graphics/color.sty
(/usr/local/texlive/2022/texmf-dist/tex/latex/graphics-cfg/color.cfg)
(/usr/local/texlive/2022/texmf-dist/tex/latex/graphics-def/pdftex.def))
(/usr/local/texlive/2022/texmf-dist/tex/latex/hyperref/hyperref.sty
(/usr/local/texlive/2022/texmf-dist/tex/generic/ltxcmds/ltxcmds.sty)
(/usr/local/texlive/2022/texmf-dist/tex/generic/pdftexcmds/pdftexcmds.sty
(/usr/local/texlive/2022/texmf-dist/tex/generic/infwarerr/infwarerr.sty))
(/usr/local/texlive/2022/texmf-dist/tex/latex/graphics/keyval.sty)
(/usr/local/texlive/2022/texmf-dist/tex/generic/kvsetkeys/kvsetkeys.sty)
(/usr/local/texlive/2022/texmf-dist/tex/generic/kvdefinekeys/kvdefinekeys.sty)
(/usr/local/texlive/2022/texmf-dist/tex/generic/pdfescape/pdfescape.sty)
(/usr/local/texlive/2022/texmf-dist/tex/latex/hycolor/hycolor.sty)
(/usr/local/texlive/2022/texmf-dist/tex/latex/letltxmacro/letltxmacro.sty)
(/usr/local/texlive/2022/texmf-dist/tex/latex/auxhook/auxhook.sty)
(/usr/local/texlive/2022/texmf-dist/tex/latex/kvoptions/kvoptions.sty)
(/usr/local/texlive/2022/texmf-dist/tex/latex/hyperref/pd1enc.def)
(/usr/local/texlive/2022/texmf-dist/tex/generic/intcalc/intcalc.sty)
(/usr/local/texlive/2022/texmf-dist/tex/generic/etexcmds/etexcmds.sty)
(/usr/local/texlive/2022/texmf-dist/tex/latex/hyperref/puenc.def)
(/usr/local/texlive/2022/texmf-dist/tex/generic/bitset/bitset.sty
(/usr/local/texlive/2022/texmf-dist/tex/generic/bigintcalc/bigintcalc.sty))
(/usr/local/texlive/2022/texmf-dist/tex/latex/base/atbegshi-ltx.sty))
(/usr/local/texlive/2022/texmf-dist/tex/latex/hyperref/hpdftex.def
(/usr/local/texlive/2022/texmf-dist/tex/latex/base/atveryend-ltx.sty)
(/usr/local/texlive/2022/texmf-dist/tex/latex/rerunfilecheck/rerunfilecheck.sty

(/usr/local/texlive/2022/texmf-dist/tex/generic/uniquecounter/uniquecounter.sty
)))) (/usr/local/texlive/2022/texmf-dist/tex/latex/psnfss/t1ptm.fd)
(/usr/local/texlive/2022/texmf-dist/tex/latex/l3backend/l3backend-pdftex.def)
No file Rd2.aux.
(/usr/local/texlive/2022/texmf-dist/tex/context/base/mkii/supp-pdf.mkii
[Loading MPS to PDF converter (version 2006.09.02).]
) (/usr/local/texlive/2022/texmf-dist/tex/latex/hyperref/nameref.sty
(/usr/local/texlive/2022/texmf-dist/tex/latex/refcount/refcount.sty)
(/usr/local/texlive/2022/texmf-dist/tex/generic/gettitlestring/gettitlestring.s
ty)) (/usr/local/texlive/2022/texmf-dist/tex/latex/psnfss/t1pcr.fd)
(/usr/local/texlive/2022/texmf-dist/tex/latex/amsfonts/umsa.fd)
(/usr/local/texlive/2022/texmf-dist/tex/latex/amsfonts/umsb.fd)
(/usr/local/texlive/2022/texmf-dist/tex/latex/jknapltx/ursfs.fd)
Overfull \hbox (6.78088pt too wide) in paragraph at lines 41--41
 []\T1/pcr/m/n/10 get_commentsOnId(objectId, lastModifiedDate = Sys.time(), api
_keys) 

Overfull \hbox (117.7803pt too wide) in paragraph at lines 64--64
 []\T1/pcr/m/n/9 # comment_metadata <- get_commentsOnId(commentOnId = "09000064
865d514a", api_keys = "DEMO_KEY")[] 
[1{/usr/local/texlive/2022/texmf-var/fonts/map/pdftex/updmap/pdftex.map}]
(/usr/local/texlive/2022/texmf-dist/tex/latex/psnfss/ts1pcr.fd)
Overfull \hbox (187.98022pt too wide) in paragraph at lines 69--69
 []\T1/pcr/m/n/9 #   documentType      lastModifiedDate    highlightedContent w
ithdrawn agencyId title objectId postedDate id[] 

Overfull \hbox (204.1802pt too wide) in paragraph at lines 70--70
 []\T1/pcr/m/n/9 #   <chr>             <chr>               <chr>              <
lgl>     <chr>    <chr> <chr>    <chr>      <chr>[] 

Overfull \hbox (258.18015pt too wide) in paragraph at lines 71--71
 []\T1/pcr/m/n/9 # 1 Public Submission 2024-07-26T13:29:3... ""                
 FALSE     FBI      Comm... 0900006... 2024-07-2... FBI-...[] 

! LaTeX Error: Unicode character ℹ (U+2139)
               not set up for use with LaTeX.

See the LaTeX manual or LaTeX Companion for explanation.
Type  H <return>  for immediate help.
 ...                                              
                                                  
l.72 ...riables: lastpage <lgl>, commentOnId <chr>
                                                  

Overfull \hbox (204.1802pt too wide) in paragraph at lines 111--111
 []\T1/pcr/m/n/9 #   docketType    lastModifiedDate     highlightedContent agen
cyId title                objectId id    lastpage[] 

Overfull \hbox (187.98022pt too wide) in paragraph at lines 112--112
 []\T1/pcr/m/n/9 #   <chr>         <chr>                <lgl>              <chr
>    <chr>                <chr>    <chr> <lgl>[] 

Overfull \hbox (214.9802pt too wide) in paragraph at lines 113--113
 []\T1/pcr/m/n/9 # 1 Rulemaking    2024-08-26T13:14:32Z NA                 FBI 
     "Bipartisan Safer C... 0b00006... FBI-... TRUE[] 

Overfull \hbox (214.9802pt too wide) in paragraph at lines 114--114
 []\T1/pcr/m/n/9 # 2 Rulemaking    2024-08-26T13:13:45Z NA                 FBI 
     "Child Protection I... 0b00006... FBI-... TRUE[] 

Overfull \hbox (214.9802pt too wide) in paragraph at lines 115--115
 []\T1/pcr/m/n/9 # 3 Rulemaking    2023-08-25T08:08:48Z NA                 FBI 
     "Recently Posted FB... 0b00006... FBI_... TRUE[] 

Overfull \hbox (214.9802pt too wide) in paragraph at lines 116--116
 []\T1/pcr/m/n/9 # 4 Rulemaking    2021-05-02T01:06:49Z NA                 FBI 
     "National Instant C... 0b00006... FBI-... TRUE[] 

Overfull \hbox (214.9802pt too wide) in paragraph at lines 117--117
 []\T1/pcr/m/n/9 # 5 Rulemaking    2021-05-02T01:06:49Z NA                 FBI 
     "FBI Criminal Justi... 0b00006... FBI-... TRUE[] 

Overfull \hbox (214.9802pt too wide) in paragraph at lines 118--118
 []\T1/pcr/m/n/9 # 6 Nonrulemaking 2021-05-02T01:06:49Z NA                 FBI 
     "FBI Records Manage... 0b00006... FBI-... TRUE[] 

Overfull \hbox (139.38028pt too wide) in paragraph at lines 129--129
 []\T1/pcr/m/n/9 #    lastModifiedDate <- lastModifiedDate %>% ymd_hms() %>% wi
th_tz(tzone = "America/New_York") %>%[] 
[2]
Overfull \hbox (52.98038pt too wide) in paragraph at lines 140--140
 []\T1/pcr/m/n/9 #    remaining <<- pluck(tail(map(result, headers), 1), 1, "x-
ratelimit-remaining")[] 

Overfull \hbox (150.18027pt too wide) in paragraph at lines 142--142
 []\T1/pcr/m/n/9 #        message(paste(format(Sys.time(), "%X"), "- Hit rate l
imit, will continue after one minute"))[] 

Overfull \hbox (63.78036pt too wide) in paragraph at lines 183--183
 []\T1/pcr/m/n/9 # FBI_docket_2024 <- get_documents(docketId = "FBI-2024-0001",
 api_keys = "DEMO_KEY")[] 

Overfull \hbox (214.9802pt too wide) in paragraph at lines 188--188
 []\T1/pcr/m/n/9 #   documentType lastModifiedDate     highlightedContent frDoc
Num   withdrawn agencyId # commentEndDate     title[] 

Overfull \hbox (214.9802pt too wide) in paragraph at lines 189--189
 []\T1/pcr/m/n/9 #   <chr>        <chr>                <chr>              <chr>
      <lgl>     <chr>    <chr>       #        <chr>[] 

Overfull \hbox (236.58017pt too wide) in paragraph at lines 190--190
 []\T1/pcr/m/n/9 # 1 Rule         2024-07-26T01:01:24Z ""                 2024-
14253 FALSE     FBI      2024-08# -01T03:59:... Bipa...[] 

! LaTeX Error: Unicode character ℹ (U+2139)
               not set up for use with LaTeX.

See the LaTeX manual or LaTeX Companion for explanation.
Type  H <return>  for immediate help.
 ...                                              
                                                  
l.191 ...>, subtype <lgl>, commentStartDate <chr>,
                                                  

Overfull \hbox (106.98032pt too wide) in paragraph at lines 191--191
 []\T1/pcr/m/n/9 #  8 more variables: postedDate <chr>, docketId <chr>, subtype
 <lgl>, commentStartDate <chr>,[] 
[3] [4] (./Rd2.aux)

Package rerunfilecheck Warning: File `Rd2.out' has changed.
(rerunfilecheck)                Rerun to get outlines right
(rerunfilecheck)                or use package `bookmark'.

 )
(see the transcript file for additional information){/usr/local/texlive/2022/te
xmf-dist/fonts/enc/dvips/base/8r.enc}</usr/local/texlive/2022/texmf-dist/fonts/
type1/urw/courier/ucrr8a.pfb></usr/local/texlive/2022/texmf-dist/fonts/type1/ur
w/times/utmb8a.pfb></usr/local/texlive/2022/texmf-dist/fonts/type1/urw/times/ut
mr8a.pfb></usr/local/texlive/2022/texmf-dist/fonts/type1/urw/times/utmr8a.pfb><
/usr/local/texlive/2022/texmf-dist/fonts/type1/urw/times/utmri8a.pfb>
Output written on Rd2.pdf (4 pages, 77673 bytes).
Transcript written on Rd2.log.
Error in texi2dvi(file = file, pdf = TRUE, clean = clean, quiet = quiet,  : 
  unable to run pdflatex on 'Rd2.tex'
LaTeX errors:
! LaTeX Error: Unicode character ℹ (U+2139)
               not set up for use with LaTeX.

See the LaTeX manual or LaTeX Companion for explanation.
Type  H <return>  for immediate help.
! LaTeX Error: Unicode character ℹ (U+2139)
               not set up for use with LaTeX.

See the LaTeX manual or LaTeX Companion for explanation.
Type  H <return>  for immediate help.
This is pdfTeX, Version 3.141592653-2.6-1.40.24 (TeX Live 2022) (preloaded format=pdflatex)
 restricted \write18 enabled.
entering extended mode
(./Rd2.tex
LaTeX2e <2021-11-15> patch level 1
L3 programming layer <2022-02-24>
(/usr/local/texlive/2022/texmf-dist/tex/latex/base/book.cls
Document Class: book 2021/10/04 v1.4n Standard LaTeX document class
(/usr/local/texlive/2022/texmf-dist/tex/latex/base/bk10.clo))
(/Library/Frameworks/R.framework/Resources/share/texmf/tex/latex/Rd.sty
(/usr/local/texlive/2022/texmf-dist/tex/latex/base/ifthen.sty)
(/usr/local/texlive/2022/texmf-dist/tex/generic/iftex/iftex.sty)
(/usr/local/texlive/2022/texmf-dist/tex/latex/tools/longtable.sty)
(/usr/local/texlive/2022/texmf-dist/tex/latex/tools/bm.sty)
(/usr/local/texlive/2022/texmf-dist/tex/latex/base/alltt.sty)
(/usr/local/texlive/2022/texmf-dist/tex/latex/tools/verbatim.sty)
(/usr/local/texlive/2022/texmf-dist/tex/latex/url/url.sty)
(/usr/local/texlive/2022/texmf-dist/tex/latex/base/textcomp.sty)
(/usr/local/texlive/2022/texmf-dist/tex/latex/amsmath/amsmath.sty
For additional information on amsmath, use the `?' option.
(/usr/local/texlive/2022/texmf-dist/tex/latex/amsmath/amstext.sty
(/usr/local/texlive/2022/texmf-dist/tex/latex/amsmath/amsgen.sty))
(/usr/local/texlive/2022/texmf-dist/tex/latex/amsmath/amsbsy.sty)
(/usr/local/texlive/2022/texmf-dist/tex/latex/amsmath/amsopn.sty))
(/usr/local/texlive/2022/texmf-dist/tex/latex/amsfonts/amsfonts.sty)
(/usr/local/texlive/2022/texmf-dist/tex/latex/amsfonts/amssymb.sty)
(/usr/local/texlive/2022/texmf-dist/tex/latex/jknapltx/mathrsfs.sty)
(/usr/local/texlive/2022/texmf-dist/tex/latex/base/fontenc.sty)
(/usr/local/texlive/2022/texmf-dist/tex/latex/psnfss/times.sty)
(/usr/local/texlive/2022/texmf-dist/tex/latex/graphics/color.sty
(/usr/local/texlive/2022/texmf-dist/tex/latex/graphics-cfg/color.cfg)
(/usr/local/texlive/2022/texmf-dist/tex/latex/graphics-def/pdftex.def))
(/usr/local/texlive/2022/texmf-dist/tex/latex/hyperref/hyperref.sty
(/usr/local/texlive/2022/texmf-dist/tex/generic/ltxcmds/ltxcmds.sty)
(/usr/local/texlive/2022/texmf-dist/tex/generic/pdftexcmds/pdftexcmds.sty
(/usr/local/texlive/2022/texmf-dist/tex/generic/infwarerr/infwarerr.sty))
(/usr/local/texlive/2022/texmf-dist/tex/latex/graphics/keyval.sty)
(/usr/local/texlive/2022/texmf-dist/tex/generic/kvsetkeys/kvsetkeys.sty)
(/usr/local/texlive/2022/texmf-dist/tex/generic/kvdefinekeys/kvdefinekeys.sty)
(/usr/local/texlive/2022/texmf-dist/tex/generic/pdfescape/pdfescape.sty)
(/usr/local/texlive/2022/texmf-dist/tex/latex/hycolor/hycolor.sty)
(/usr/local/texlive/2022/texmf-dist/tex/latex/letltxmacro/letltxmacro.sty)
(/usr/local/texlive/2022/texmf-dist/tex/latex/auxhook/auxhook.sty)
(/usr/local/texlive/2022/texmf-dist/tex/latex/kvoptions/kvoptions.sty)
(/usr/local/texlive/2022/texmf-dist/tex/latex/hyperref/pd1enc.def)
(/usr/local/texlive/2022/texmf-dist/tex/generic/intcalc/intcalc.sty)
(/usr/local/texlive/2022/texmf-dist/tex/generic/etexcmds/etexcmds.sty)
(/usr/local/texlive/2022/texmf-dist/tex/latex/hyperref/puenc.def)
(/usr/local/texlive/2022/texmf-dist/tex/generic/bitset/bitset.sty
(/usr/local/texlive/2022/texmf-dist/tex/generic/bigintcalc/bigintcalc.sty))
(/usr/local/texlive/2022/texmf-dist/tex/latex/base/atbegshi-ltx.sty))
(/usr/local/texlive/2022/texmf-dist/tex/latex/hyperref/hpdftex.def
(/usr/local/texlive/2022/texmf-dist/tex/latex/base/atveryend-ltx.sty)
(/usr/local/texlive/2022/texmf-dist/tex/latex/rerunfilecheck/rerunfilecheck.sty

(/usr/local/texlive/2022/texmf-dist/tex/generic/uniquecounter/uniquecounter.sty
)))) (/usr/local/texlive/2022/texmf-dist/tex/latex/psnfss/t1ptm.fd)
(/usr/local/texlive/2022/texmf-dist/tex/latex/l3backend/l3backend-pdftex.def)
(./Rd2.aux)
(/usr/local/texlive/2022/texmf-dist/tex/context/base/mkii/supp-pdf.mkii
[Loading MPS to PDF converter (version 2006.09.02).]
) (/usr/local/texlive/2022/texmf-dist/tex/latex/hyperref/nameref.sty
(/usr/local/texlive/2022/texmf-dist/tex/latex/refcount/refcount.sty)
(/usr/local/texlive/2022/texmf-dist/tex/generic/gettitlestring/gettitlestring.s
ty)) (./Rd2.out) (./Rd2.out)
(/usr/local/texlive/2022/texmf-dist/tex/latex/psnfss/t1pcr.fd)
(/usr/local/texlive/2022/texmf-dist/tex/latex/amsfonts/umsa.fd)
(/usr/local/texlive/2022/texmf-dist/tex/latex/amsfonts/umsb.fd)
(/usr/local/texlive/2022/texmf-dist/tex/latex/jknapltx/ursfs.fd) (./Rd2.toc)
Overfull \hbox (6.78088pt too wide) in paragraph at lines 41--41
 []\T1/pcr/m/n/10 get_commentsOnId(objectId, lastModifiedDate = Sys.time(), api
_keys) 
[1{/usr/local/texlive/2022/texmf-var/fonts/map/pdftex/updmap/pdftex.map}]
Overfull \hbox (117.7803pt too wide) in paragraph at lines 64--64
 []\T1/pcr/m/n/9 # comment_metadata <- get_commentsOnId(commentOnId = "09000064
865d514a", api_keys = "DEMO_KEY")[] 
(/usr/local/texlive/2022/texmf-dist/tex/latex/psnfss/ts1pcr.fd)
Overfull \hbox (187.98022pt too wide) in paragraph at lines 69--69
 []\T1/pcr/m/n/9 #   documentType      lastModifiedDate    highlightedContent w
ithdrawn agencyId title objectId postedDate id[] 

Overfull \hbox (204.1802pt too wide) in paragraph at lines 70--70
 []\T1/pcr/m/n/9 #   <chr>             <chr>               <chr>              <
lgl>     <chr>    <chr> <chr>    <chr>      <chr>[] 

Overfull \hbox (258.18015pt too wide) in paragraph at lines 71--71
 []\T1/pcr/m/n/9 # 1 Public Submission 2024-07-26T13:29:3... ""                
 FALSE     FBI      Comm... 0900006... 2024-07-2... FBI-...[] 

! LaTeX Error: Unicode character ℹ (U+2139)
               not set up for use with LaTeX.

See the LaTeX manual or LaTeX Companion for explanation.
Type  H <return>  for immediate help.
 ...                                              
                                                  
l.72 ...riables: lastpage <lgl>, commentOnId <chr>
                                                  

Overfull \hbox (204.1802pt too wide) in paragraph at lines 111--111
 []\T1/pcr/m/n/9 #   docketType    lastModifiedDate     highlightedContent agen
cyId title                objectId id    lastpage[] 

Overfull \hbox (187.98022pt too wide) in paragraph at lines 112--112
 []\T1/pcr/m/n/9 #   <chr>         <chr>                <lgl>              <chr
>    <chr>                <chr>    <chr> <lgl>[] 

Overfull \hbox (214.9802pt too wide) in paragraph at lines 113--113
 []\T1/pcr/m/n/9 # 1 Rulemaking    2024-08-26T13:14:32Z NA                 FBI 
     "Bipartisan Safer C... 0b00006... FBI-... TRUE[] 

Overfull \hbox (214.9802pt too wide) in paragraph at lines 114--114
 []\T1/pcr/m/n/9 # 2 Rulemaking    2024-08-26T13:13:45Z NA                 FBI 
     "Child Protection I... 0b00006... FBI-... TRUE[] 

Overfull \hbox (214.9802pt too wide) in paragraph at lines 115--115
 []\T1/pcr/m/n/9 # 3 Rulemaking    2023-08-25T08:08:48Z NA                 FBI 
     "Recently Posted FB... 0b00006... FBI_... TRUE[] 

Overfull \hbox (214.9802pt too wide) in paragraph at lines 116--116
 []\T1/pcr/m/n/9 # 4 Rulemaking    2021-05-02T01:06:49Z NA                 FBI 
     "National Instant C... 0b00006... FBI-... TRUE[] 

Overfull \hbox (214.9802pt too wide) in paragraph at lines 117--117
 []\T1/pcr/m/n/9 # 5 Rulemaking    2021-05-02T01:06:49Z NA                 FBI 
     "FBI Criminal Justi... 0b00006... FBI-... TRUE[] 

Overfull \hbox (214.9802pt too wide) in paragraph at lines 118--118
 []\T1/pcr/m/n/9 # 6 Nonrulemaking 2021-05-02T01:06:49Z NA                 FBI 
     "FBI Records Manage... 0b00006... FBI-... TRUE[] 
[2]
Overfull \hbox (139.38028pt too wide) in paragraph at lines 129--129
 []\T1/pcr/m/n/9 #    lastModifiedDate <- lastModifiedDate %>% ymd_hms() %>% wi
th_tz(tzone = "America/New_York") %>%[] 

Overfull \hbox (52.98038pt too wide) in paragraph at lines 140--140
 []\T1/pcr/m/n/9 #    remaining <<- pluck(tail(map(result, headers), 1), 1, "x-
ratelimit-remaining")[] 

Overfull \hbox (150.18027pt too wide) in paragraph at lines 142--142
 []\T1/pcr/m/n/9 #        message(paste(format(Sys.time(), "%X"), "- Hit rate l
imit, will continue after one minute"))[] 

Overfull \hbox (63.78036pt too wide) in paragraph at lines 183--183
 []\T1/pcr/m/n/9 # FBI_docket_2024 <- get_documents(docketId = "FBI-2024-0001",
 api_keys = "DEMO_KEY")[] 
[3]
Overfull \hbox (214.9802pt too wide) in paragraph at lines 188--188
 []\T1/pcr/m/n/9 #   documentType lastModifiedDate     highlightedContent frDoc
Num   withdrawn agencyId # commentEndDate     title[] 

Overfull \hbox (214.9802pt too wide) in paragraph at lines 189--189
 []\T1/pcr/m/n/9 #   <chr>        <chr>                <chr>              <chr>
      <lgl>     <chr>    <chr>       #        <chr>[] 

Overfull \hbox (236.58017pt too wide) in paragraph at lines 190--190
 []\T1/pcr/m/n/9 # 1 Rule         2024-07-26T01:01:24Z ""                 2024-
14253 FALSE     FBI      2024-08# -01T03:59:... Bipa...[] 

! LaTeX Error: Unicode character ℹ (U+2139)
               not set up for use with LaTeX.

See the LaTeX manual or LaTeX Companion for explanation.
Type  H <return>  for immediate help.
 ...                                              
                                                  
l.191 ...>, subtype <lgl>, commentStartDate <chr>,
                                                  

Overfull \hbox (106.98032pt too wide) in paragraph at lines 191--191
 []\T1/pcr/m/n/9 #  8 more variables: postedDate <chr>, docketId <chr>, subtype
 <lgl>, commentStartDate <chr>,[] 
[4] (./Rd2.aux) )
(see the transcript file for additional information){/usr/local/texlive/2022/te
xmf-dist/fonts/enc/dvips/base/8r.enc}</usr/local/texlive/2022/texmf-dist/fonts/
type1/urw/courier/ucrr8a.pfb></usr/local/texlive/2022/texmf-dist/fonts/type1/ur
w/times/utmb8a.pfb></usr/local/texlive/2022/texmf-dist/fonts/type1/urw/times/ut
mr8a.pfb></usr/local/texlive/2022/texmf-dist/fonts/type1/urw/times/utmr8a.pfb><
/usr/local/texlive/2022/texmf-dist/fonts/type1/urw/times/utmri8a.pfb>
Output written on Rd2.pdf (4 pages, 78071 bytes).
Transcript written on Rd2.log.
Error in texi2dvi(file = file, pdf = TRUE, clean = clean, quiet = quiet,  : 
  unable to run pdflatex on 'Rd2.tex'
LaTeX errors:
! LaTeX Error: Unicode character ℹ (U+2139)
               not set up for use with LaTeX.

See the LaTeX manual or LaTeX Companion for explanation.
Type  H <return>  for immediate help.
! LaTeX Error: Unicode character ℹ (U+2139)
               not set up for use with LaTeX.

See the LaTeX manual or LaTeX Companion for explanation.
Type  H <return>  for immediate help.
Error in running tools::texi2pdf()
You may want to clean up by 'rm -Rf /var/folders/s7/l7hkszdx5fg15j3p4fcf80x00000gn/T//RtmpKaV9co/Rd2pdf2193561d1383'
